{
  "stats": {
    "suites": 1,
    "tests": 2,
    "passes": 2,
    "pending": 0,
    "failures": 0,
    "start": "2022-02-17T15:54:06.589Z",
    "end": "2022-02-17T15:54:06.595Z",
    "duration": 6,
    "testsRegistered": 2,
    "passPercent": 100,
    "pendingPercent": 0,
    "other": 0,
    "hasOther": false,
    "skipped": 0,
    "hasSkipped": false
  },
  "results": [
    {
      "uuid": "edc15b48-eb6d-4576-8d0e-e17bf8fff806",
      "title": "",
      "fullFile": "",
      "file": "",
      "beforeHooks": [],
      "afterHooks": [],
      "tests": [],
      "suites": [
        {
          "uuid": "acc54c86-7d60-44ef-8481-dec2cf3327fe",
          "title": "Test simple functions",
          "fullFile": "C:\\Users\\ostap\\Documents\\Projects\\Unit-test-demo\\test\\spec\\test.spec.ts",
          "file": "\\test\\spec\\test.spec.ts",
          "beforeHooks": [],
          "afterHooks": [],
          "tests": [
            {
              "title": "Function add",
              "fullTitle": "Test simple functions Function add",
              "timedOut": false,
              "duration": 1,
              "state": "passed",
              "speed": "fast",
              "pass": true,
              "fail": false,
              "pending": false,
              "context": null,
              "code": "let result = calculator.addNumbers(5, 6);\n(0, chai_1.expect)(result).to.be.equal(11);",
              "err": {},
              "uuid": "c7b7e9c3-ae9a-4f8a-854c-10ee5632158e",
              "parentUUID": "acc54c86-7d60-44ef-8481-dec2cf3327fe",
              "isHook": false,
              "skipped": false
            },
            {
              "title": "Function multiply",
              "fullTitle": "Test simple functions Function multiply",
              "timedOut": false,
              "duration": 0,
              "state": "passed",
              "speed": "fast",
              "pass": true,
              "fail": false,
              "pending": false,
              "context": null,
              "code": "let result = calculator.multiplyNumbers(5, 6);\n(0, chai_1.expect)(result).to.be.equal(30);",
              "err": {},
              "uuid": "5cc3e65f-c527-497e-9e82-47bd25d73609",
              "parentUUID": "acc54c86-7d60-44ef-8481-dec2cf3327fe",
              "isHook": false,
              "skipped": false
            }
          ],
          "suites": [],
          "passes": [
            "c7b7e9c3-ae9a-4f8a-854c-10ee5632158e",
            "5cc3e65f-c527-497e-9e82-47bd25d73609"
          ],
          "failures": [],
          "pending": [],
          "skipped": [],
          "duration": 1,
          "root": false,
          "rootEmpty": false,
          "_timeout": 2000
        }
      ],
      "passes": [],
      "failures": [],
      "pending": [],
      "skipped": [],
      "duration": 0,
      "root": true,
      "rootEmpty": true,
      "_timeout": 2000
    }
  ],
  "meta": {
    "mocha": {
      "version": "9.2.0"
    },
    "mochawesome": {
      "options": {
        "quiet": false,
        "reportFilename": "mochawesome",
        "saveHtml": true,
        "saveJson": true,
        "consoleReporter": "spec",
        "useInlineDiffs": false,
        "code": true
      },
      "version": "7.0.1"
    },
    "marge": {
      "options": null,
      "version": "6.0.1"
    }
  }
}